[debug] [2025-11-07T21:09:45.305Z] ----------------------------------------------------------------------
[debug] [2025-11-07T21:09:45.306Z] Command:       /opt/homebrew/Cellar/node/25.1.0_1/bin/node /opt/homebrew/bin/firebase init hosting
[debug] [2025-11-07T21:09:45.306Z] CLI Version:   14.24.0
[debug] [2025-11-07T21:09:45.306Z] Platform:      darwin
[debug] [2025-11-07T21:09:45.306Z] Node Version:  v25.1.0
[debug] [2025-11-07T21:09:45.306Z] Time:          Fri Nov 07 2025 16:09:45 GMT-0500 (Eastern Standard Time)
[debug] [2025-11-07T21:09:45.306Z] ----------------------------------------------------------------------
[debug] 
[info] 
     ######## #### ########  ######## ########     ###     ######  ########
     ##        ##  ##     ## ##       ##     ##  ##   ##  ##       ##
     ######    ##  ########  ######   ########  #########  ######  ######
     ##        ##  ##    ##  ##       ##     ## ##     ##       ## ##
     ##       #### ##     ## ######## ########  ##     ##  ######  ########

You're about to initialize a Firebase project in this directory:

  /Users/andreibenea/dev/interchallenge/public

[info] 
=== Project Setup
[info] 
[info] First, let's associate this project directory with a Firebase project.
[info] You can create multiple project aliases by running firebase use --add, 
[info] 
[debug] [2025-11-07T21:09:49.535Z] > command requires scopes: ["email","openid","https://www.googleapis.com/auth/cloudplatformprojects.readonly","https://www.googleapis.com/auth/firebase","https://www.googleapis.com/auth/cloud-platform"]
[debug] [2025-11-07T21:09:49.536Z] > authorizing via signed-in user (andrei.benea89@gmail.com)
[debug] [2025-11-07T21:09:49.537Z] Checked if tokens are valid: true, expires at: 1762553353807
[debug] [2025-11-07T21:09:49.537Z] Checked if tokens are valid: true, expires at: 1762553353807
[debug] [2025-11-07T21:09:49.539Z] >>> [apiv2][query] GET https://firebase.googleapis.com/v1beta1/availableProjects pageSize=100
[debug] [2025-11-07T21:09:50.056Z] <<< [apiv2][status] GET https://firebase.googleapis.com/v1beta1/availableProjects 200
[debug] [2025-11-07T21:09:50.056Z] <<< [apiv2][body] GET https://firebase.googleapis.com/v1beta1/availableProjects [omitted]
[debug] [2025-11-07T21:09:53.861Z] Checked if tokens are valid: true, expires at: 1762553353807
[debug] [2025-11-07T21:09:53.861Z] Checked if tokens are valid: true, expires at: 1762553353807
[debug] [2025-11-07T21:09:53.862Z] >>> [apiv2][query] POST https://firebase.googleapis.com/v1beta1/projects/jotd-andreibenea-30275:addFirebase [none]
[debug] [2025-11-07T21:09:54.047Z] <<< [apiv2][status] POST https://firebase.googleapis.com/v1beta1/projects/jotd-andreibenea-30275:addFirebase 403
[debug] [2025-11-07T21:09:54.048Z] <<< [apiv2][body] POST https://firebase.googleapis.com/v1beta1/projects/jotd-andreibenea-30275:addFirebase {"error":{"code":403,"message":"The caller does not have permission","status":"PERMISSION_DENIED"}}
[debug] [2025-11-07T21:09:54.049Z] Request to https://firebase.googleapis.com/v1beta1/projects/jotd-andreibenea-30275:addFirebase had HTTP Error: 403, The caller does not have permission
[debug] [2025-11-07T21:09:54.237Z] FirebaseError: Request to https://firebase.googleapis.com/v1beta1/projects/jotd-andreibenea-30275:addFirebase had HTTP Error: 403, The caller does not have permission
    at responseToError (/opt/homebrew/Cellar/firebase-cli/14.24.0/libexec/lib/node_modules/firebase-tools/lib/responseToError.js:53:12)
    at RetryOperation._fn (/opt/homebrew/Cellar/firebase-cli/14.24.0/libexec/lib/node_modules/firebase-tools/lib/apiv2.js:322:77)
    at process.processTicksAndRejections (node:internal/process/task_queues:103:5)
[error] 
[error] Error: Failed to add Firebase to Google Cloud Platform project. See firebase-debug.log for more info.
